PRT1
137
303
4 0 2 (4153 8192 -992 ) (4153 8192 912 ) (4096 8192 912 ) (4096 8192 -992 ) 
4 0 1 (4096 8192 -992 ) (4096 8192 912 ) (4096 8300 912 ) (4096 8300 -992 ) 
4 1 4 (3072 8192 -992 ) (3072 8192 912 ) (3072 8300 912 ) (3072 8300 -992 ) 
4 1 3 (4096 8192 -992 ) (4096 8192 912 ) (3072 8192 912 ) (3072 8192 -992 ) 
4 2 10 (4153 7168 -992 ) (4153 7168 912 ) (4096 7168 912 ) (4096 7168 -992 ) 
4 2 3 (4096 8192 912 ) (4096 8192 -992 ) (4096 7168 -992 ) (4096 7168 912 ) 
4 3 11 (4096 7168 -992 ) (4096 7168 912 ) (3072 7168 912 ) (3072 7168 -992 ) 
4 3 5 (3072 7168 -992 ) (3072 7168 912 ) (3072 8192 912 ) (3072 8192 -992 ) 
4 4 6 (2048 8192 -992 ) (2048 8192 912 ) (2048 8300 912 ) (2048 8300 -992 ) 
4 4 5 (3072 8192 -992 ) (3072 8192 912 ) (2048 8192 912 ) (2048 8192 -992 ) 
4 5 16 (3072 7168 -992 ) (3072 7168 912 ) (2048 7168 912 ) (2048 7168 -992 ) 
4 5 8 (2048 7168 -992 ) (2048 7168 912 ) (2048 8192 912 ) (2048 8192 -992 ) 
4 6 8 (2048 8192 -992 ) (2048 8192 912 ) (1024 8192 912 ) (1024 8192 -992 ) 
4 6 7 (1024 8192 -992 ) (1024 8192 912 ) (1024 8300 912 ) (1024 8300 -992 ) 
4 7 25 (0 8192 -992 ) (0 8192 912 ) (0 8300 912 ) (0 8300 -992 ) 
4 7 9 (1024 8192 -992 ) (1024 8192 912 ) (0 8192 912 ) (0 8192 -992 ) 
4 8 17 (2048 7168 -992 ) (2048 7168 912 ) (1024 7168 912 ) (1024 7168 -992 ) 
4 8 9 (1024 8192 912 ) (1024 8192 -992 ) (1024 7168 -992 ) (1024 7168 912 ) 
4 9 26 (0 7168 -992 ) (0 7168 912 ) (0 8192 912 ) (0 8192 -992 ) 
4 9 18 (1024 7168 -992 ) (1024 7168 912 ) (0 7168 912 ) (0 7168 -992 ) 
4 10 12 (4153 6144 -992 ) (4153 6144 912 ) (4096 6144 912 ) (4096 6144 -992 ) 
4 10 11 (4096 6144 -992 ) (4096 6144 912 ) (4096 7168 912 ) (4096 7168 -992 ) 
4 11 16 (3072 7168 912 ) (3072 7168 -992 ) (3072 6144 -992 ) (3072 6144 912 ) 
4 11 13 (4096 6144 -992 ) (4096 6144 912 ) (3072 6144 912 ) (3072 6144 -992 ) 
4 12 14 (4153 5120 -992 ) (4153 5120 912 ) (4096 5120 912 ) (4096 5120 -992 ) 
4 12 13 (4096 6144 912 ) (4096 6144 -992 ) (4096 5120 -992 ) (4096 5120 912 ) 
4 13 19 (3072 5120 -992 ) (3072 5120 912 ) (3072 6144 912 ) (3072 6144 -992 ) 
4 13 15 (4096 5120 -992 ) (4096 5120 912 ) (3072 5120 912 ) (3072 5120 -992 ) 
4 14 50 (4153 4096 -992 ) (4153 4096 912 ) (4096 4096 912 ) (4096 4096 -992 ) 
4 14 15 (4096 5120 912 ) (4096 5120 -992 ) (4096 4096 -992 ) (4096 4096 912 ) 
4 15 51 (4096 4096 -992 ) (4096 4096 912 ) (3072 4096 912 ) (3072 4096 -992 ) 
4 15 20 (3072 4096 -992 ) (3072 4096 912 ) (3072 5120 912 ) (3072 5120 -992 ) 
4 16 19 (3072 6144 -992 ) (3072 6144 912 ) (2048 6144 912 ) (2048 6144 -992 ) 
4 16 17 (2048 7168 912 ) (2048 7168 -992 ) (2048 6144 -992 ) (2048 6144 912 ) 
4 17 21 (2048 6144 -992 ) (2048 6144 912 ) (1024 6144 912 ) (1024 6144 -992 ) 
4 17 18 (1024 6144 -992 ) (1024 6144 912 ) (1024 7168 912 ) (1024 7168 -992 ) 
4 18 35 (0 6144 -992 ) (0 6144 912 ) (0 7168 912 ) (0 7168 -992 ) 
4 18 22 (1024 6144 -992 ) (1024 6144 912 ) (0 6144 912 ) (0 6144 -992 ) 
4 19 21 (2048 6144 912 ) (2048 6144 -992 ) (2048 5120 -992 ) (2048 5120 912 ) 
4 19 20 (3072 5120 -992 ) (3072 5120 912 ) (2048 5120 912 ) (2048 5120 -992 ) 
4 20 56 (3072 4096 -992 ) (3072 4096 912 ) (2048 4096 912 ) (2048 4096 -992 ) 
4 20 23 (2048 4096 -992 ) (2048 4096 912 ) (2048 5120 912 ) (2048 5120 -992 ) 
4 21 23 (2048 5120 -992 ) (2048 5120 912 ) (1024 5120 912 ) (1024 5120 -992 ) 
4 21 22 (1024 6144 912 ) (1024 6144 -992 ) (1024 5120 -992 ) (1024 5120 912 ) 
4 22 38 (0 5120 -992 ) (0 5120 912 ) (0 6144 912 ) (0 6144 -992 ) 
4 22 24 (1024 5120 -992 ) (1024 5120 912 ) (0 5120 912 ) (0 5120 -992 ) 
4 23 57 (2048 4096 -992 ) (2048 4096 912 ) (1024 4096 912 ) (1024 4096 -992 ) 
4 23 24 (1024 5120 912 ) (1024 5120 -992 ) (1024 4096 -992 ) (1024 4096 912 ) 
4 24 58 (1024 4096 -992 ) (1024 4096 912 ) (0 4096 912 ) (0 4096 -992 ) 
4 24 39 (0 4096 -992 ) (0 4096 912 ) (0 5120 912 ) (0 5120 -992 ) 
4 25 27 (-1024 8192 -992 ) (-1024 8192 912 ) (-1024 8300 912 ) (-1024 8300 -992 ) 
4 25 26 (0 8192 -992 ) (0 8192 912 ) (-1024 8192 912 ) (-1024 8192 -992 ) 
4 26 35 (0 7168 -992 ) (0 7168 912 ) (-1024 7168 912 ) (-1024 7168 -992 ) 
4 26 29 (-1024 7168 -992 ) (-1024 7168 912 ) (-1024 8192 912 ) (-1024 8192 -992 ) 
4 27 29 (-1024 8192 -992 ) (-1024 8192 912 ) (-2048 8192 912 ) (-2048 8192 -992 ) 
4 27 28 (-2048 8192 -992 ) (-2048 8192 912 ) (-2048 8300 912 ) (-2048 8300 -992 ) 
4 28 31 (-3072 8192 -992 ) (-3072 8192 912 ) (-3072 8300 912 ) (-3072 8300 -992 ) 
4 28 30 (-2048 8192 -992 ) (-2048 8192 912 ) (-3072 8192 912 ) (-3072 8192 -992 ) 
4 29 36 (-1024 7168 -992 ) (-1024 7168 912 ) (-2048 7168 912 ) (-2048 7168 -992 ) 
4 29 30 (-2048 8192 912 ) (-2048 8192 -992 ) (-2048 7168 -992 ) (-2048 7168 912 ) 
4 30 37 (-2048 7168 -992 ) (-2048 7168 912 ) (-3072 7168 912 ) (-3072 7168 -992 ) 
4 30 32 (-3072 7168 -992 ) (-3072 7168 912 ) (-3072 8192 912 ) (-3072 8192 -992 ) 
4 31 33 (-4096 8192 -992 ) (-4096 8192 912 ) (-4096 8300 912 ) (-4096 8300 -992 ) 
4 31 32 (-3072 8192 -992 ) (-3072 8192 912 ) (-4096 8192 912 ) (-4096 8192 -992 ) 
4 32 44 (-3072 7168 -992 ) (-3072 7168 912 ) (-4096 7168 912 ) (-4096 7168 -992 ) 
4 32 34 (-4096 7168 -992 ) (-4096 7168 912 ) (-4096 8192 912 ) (-4096 8192 -992 ) 
4 33 34 (-4096 8192 -992 ) (-4096 8192 912 ) (-4395 8192 912 ) (-4395 8192 -992 ) 
4 34 45 (-4096 7168 -992 ) (-4096 7168 912 ) (-4395 7168 912 ) (-4395 7168 -992 ) 
4 35 38 (0 6144 -992 ) (0 6144 912 ) (-1024 6144 912 ) (-1024 6144 -992 ) 
4 35 36 (-1024 7168 912 ) (-1024 7168 -992 ) (-1024 6144 -992 ) (-1024 6144 912 ) 
4 36 40 (-1024 6144 -992 ) (-1024 6144 912 ) (-2048 6144 912 ) (-2048 6144 -992 ) 
4 36 37 (-2048 6144 -992 ) (-2048 6144 912 ) (-2048 7168 912 ) (-2048 7168 -992 ) 
4 37 44 (-3072 7168 912 ) (-3072 7168 -992 ) (-3072 6144 -992 ) (-3072 6144 912 ) 
4 37 41 (-2048 6144 -992 ) (-2048 6144 912 ) (-3072 6144 912 ) (-3072 6144 -992 ) 
4 38 40 (-1024 6144 912 ) (-1024 6144 -992 ) (-1024 5120 -992 ) (-1024 5120 912 ) 
4 38 39 (0 5120 -992 ) (0 5120 912 ) (-1024 5120 912 ) (-1024 5120 -992 ) 
4 39 85 (0 4096 -992 ) (0 4096 912 ) (-1024 4096 912 ) (-1024 4096 -992 ) 
4 39 42 (-1024 4096 -992 ) (-1024 4096 912 ) (-1024 5120 912 ) (-1024 5120 -992 ) 
4 40 42 (-1024 5120 -992 ) (-1024 5120 912 ) (-2048 5120 912 ) (-2048 5120 -992 ) 
4 40 41 (-2048 6144 912 ) (-2048 6144 -992 ) (-2048 5120 -992 ) (-2048 5120 912 ) 
4 41 46 (-3072 5120 -992 ) (-3072 5120 912 ) (-3072 6144 912 ) (-3072 6144 -992 ) 
4 41 43 (-2048 5120 -992 ) (-2048 5120 912 ) (-3072 5120 912 ) (-3072 5120 -992 ) 
4 42 86 (-1024 4096 -992 ) (-1024 4096 912 ) (-2048 4096 912 ) (-2048 4096 -992 ) 
4 42 43 (-2048 5120 912 ) (-2048 5120 -992 ) (-2048 4096 -992 ) (-2048 4096 912 ) 
4 43 87 (-2048 4096 -992 ) (-2048 4096 912 ) (-3072 4096 912 ) (-3072 4096 -992 ) 
4 43 47 (-3072 4096 -992 ) (-3072 4096 912 ) (-3072 5120 912 ) (-3072 5120 -992 ) 
4 44 46 (-3072 6144 -992 ) (-3072 6144 912 ) (-4096 6144 912 ) (-4096 6144 -992 ) 
4 44 45 (-4096 7168 912 ) (-4096 7168 -992 ) (-4096 6144 -992 ) (-4096 6144 912 ) 
4 45 48 (-4096 6144 -992 ) (-4096 6144 912 ) (-4395 6144 912 ) (-4395 6144 -992 ) 
4 46 48 (-4096 6144 912 ) (-4096 6144 -992 ) (-4096 5120 -992 ) (-4096 5120 912 ) 
4 46 47 (-3072 5120 -992 ) (-3072 5120 912 ) (-4096 5120 912 ) (-4096 5120 -992 ) 
4 47 95 (-3072 4096 -992 ) (-3072 4096 912 ) (-4096 4096 912 ) (-4096 4096 -992 ) 
4 47 49 (-4096 4096 -992 ) (-4096 4096 912 ) (-4096 5120 912 ) (-4096 5120 -992 ) 
4 48 49 (-4096 5120 -992 ) (-4096 5120 912 ) (-4395 5120 912 ) (-4395 5120 -992 ) 
4 49 96 (-4096 4096 -992 ) (-4096 4096 912 ) (-4395 4096 912 ) (-4395 4096 -992 ) 
4 50 52 (4153 3072 -992 ) (4153 3072 912 ) (4096 3072 912 ) (4096 3072 -992 ) 
4 50 51 (4096 3072 -992 ) (4096 3072 912 ) (4096 4096 912 ) (4096 4096 -992 ) 
4 51 56 (3072 4096 912 ) (3072 4096 -992 ) (3072 3072 -992 ) (3072 3072 912 ) 
4 51 53 (4096 3072 -992 ) (4096 3072 912 ) (3072 3072 912 ) (3072 3072 -992 ) 
4 52 54 (4153 2048 -992 ) (4153 2048 912 ) (4096 2048 912 ) (4096 2048 -992 ) 
4 52 53 (4096 3072 912 ) (4096 3072 -992 ) (4096 2048 -992 ) (4096 2048 912 ) 
4 53 59 (3072 2048 -992 ) (3072 2048 912 ) (3072 3072 912 ) (3072 3072 -992 ) 
4 53 55 (4096 2048 -992 ) (4096 2048 912 ) (3072 2048 912 ) (3072 2048 -992 ) 
4 54 55 (4096 2048 912 ) (4096 2048 -992 ) (4096 1070 -992 ) (4096 1070 912 ) 
4 55 60 (3072 1070 -992 ) (3072 1070 912 ) (3072 2048 912 ) (3072 2048 -992 ) 
4 56 59 (3072 3072 -992 ) (3072 3072 912 ) (2048 3072 912 ) (2048 3072 -992 ) 
4 56 57 (2048 4096 912 ) (2048 4096 -992 ) (2048 3072 -992 ) (2048 3072 912 ) 
4 57 61 (2048 3072 -992 ) (2048 3072 912 ) (1024 3072 912 ) (1024 3072 -992 ) 
4 57 58 (1024 3072 -992 ) (1024 3072 912 ) (1024 4096 912 ) (1024 4096 -992 ) 
4 58 85 (0 4096 912 ) (0 4096 -992 ) (0 3072 -992 ) (0 3072 912 ) 
4 58 62 (1024 3072 -992 ) (1024 3072 912 ) (0 3072 912 ) (0 3072 -992 ) 
4 59 61 (2048 3072 912 ) (2048 3072 -992 ) (2048 2048 -992 ) (2048 2048 912 ) 
4 59 60 (3072 2048 -992 ) (3072 2048 912 ) (2048 2048 912 ) (2048 2048 -992 ) 
4 60 63 (2048 1070 -992 ) (2048 1070 912 ) (2048 2048 912 ) (2048 2048 -992 ) 
4 61 63 (2048 2048 -992 ) (2048 2048 912 ) (1024 2048 912 ) (1024 2048 -992 ) 
4 61 62 (1024 3072 912 ) (1024 3072 -992 ) (1024 2048 -992 ) (1024 2048 912 ) 
4 62 88 (0 2048 -992 ) (0 2048 912 ) (0 3072 912 ) (0 3072 -992 ) 
4 62 65 (1010 2048 912 ) (0 2048 912 ) (0 2048 -992 ) (1010 2048 -992 ) 
4 62 64 (1024 2048 -992 ) (1024 2048 912 ) (1010 2048 912 ) (1010 2048 -992 ) 
4 63 64 (1024 2048 912 ) (1024 2048 -992 ) (1024 1070 -992 ) (1024 1070 912 ) 
4 64 65 (1010 2048 912 ) (1010 2048 -992 ) (1010 1070 -992 ) (1010 1070 912 ) 
4 65 89 (0 1024 -992 ) (0 1024 912 ) (0 2048 912 ) (0 2048 -992 ) 
4 65 77 (0 1024 -672 ) (0 1024 -992 ) (1010 1024 -992 ) (1010 1024 -672 ) 
4 65 66 (0 1024 912 ) (0 1024 -672 ) (1010 1024 -672 ) (1010 1024 912 ) 
4 66 101 (0 1024 912 ) (0 1024 -672 ) (0 1008 -672 ) (0 1008 912 ) 
4 66 77 (0 1008 -672 ) (0 1024 -672 ) (1010 1024 -672 ) (1010 1008 -672 ) 
4 67 84 (224 0 -672 ) (992 0 -672 ) (992 0 992 ) (224 0 992 ) 
4 67 78 (992 0 -672 ) (224 0 -672 ) (224 976 -672 ) (992 976 -672 ) 
4 67 73 (224 232 -672 ) (224 0 -672 ) (224 0 992 ) (224 232 992 ) 
4 67 70 (224 232 -640 ) (224 232 992 ) (224 832 992 ) (224 832 -640 ) 
4 67 69 (224 832 -640 ) (224 832 992 ) (224 856 992 ) (224 856 -640 ) 
4 67 68 (224 976 -672 ) (224 856 -672 ) (224 856 992 ) (224 976 992 ) 
4 68 102 (0 856 992 ) (0 976 992 ) (0 976 -672 ) (0 856 -672 ) 
4 68 79 (0 856 -672 ) (0 976 -672 ) (224 976 -672 ) (224 856 -672 ) 
4 68 69 (224 856 -640 ) (224 856 992 ) (0 856 992 ) (0 856 -640 ) 
4 69 103 (0 832 992 ) (0 856 992 ) (0 856 -640 ) (0 832 -640 ) 
4 69 71 (192 832 992 ) (0 832 992 ) (0 832 -640 ) (192 832 -640 ) 
4 69 70 (224 832 -640 ) (224 832 992 ) (192 832 992 ) (192 832 -640 ) 
4 70 73 (224 232 -640 ) (224 232 992 ) (192 232 992 ) (192 232 -640 ) 
4 70 72 (192 256 -640 ) (192 232 -640 ) (192 232 992 ) (192 256 992 ) 
4 70 71 (192 832 992 ) (192 832 -640 ) (192 256 -640 ) (192 256 992 ) 
4 71 105 (0 256 992 ) (0 832 992 ) (0 832 -672 ) (0 256 -672 ) 
4 71 80 (0 256 -672 ) (0 832 -672 ) (192 832 -672 ) (192 256 -672 ) 
4 71 72 (192 256 -640 ) (192 256 992 ) (0 256 992 ) (0 256 -640 ) 
4 72 106 (0 232 992 ) (0 256 992 ) (0 256 -640 ) (0 232 -640 ) 
4 72 74 (8 232 992 ) (0 232 992 ) (0 232 -640 ) (8 232 -640 ) 
4 72 73 (192 232 -640 ) (192 232 992 ) (8 232 992 ) (8 232 -640 ) 
4 73 84 (8 0 -672 ) (224 0 -672 ) (224 0 992 ) (8 0 992 ) 
4 73 81 (224 0 -672 ) (8 0 -672 ) (8 232 -672 ) (224 232 -672 ) 
4 73 75 (8 232 -656 ) (8 232 -672 ) (8 213.481995 -672 ) (8 213.481995 -656 ) 
4 73 74 (8 232 992 ) (8 232 -656 ) (8 213.481995 -656 ) (8 213.481995 992 ) 
4 73 76 (8 213.481995 -672 ) (8 0 -672 ) (8 0 992 ) (8 213.481995 992 ) 
4 74 109 (0 213.481995 992 ) (0 232 992 ) (0 232 -656 ) (0 213.481995 -656 ) 
4 74 76 (8 213.481995 -656 ) (8 213.481995 992 ) (0 213.481995 992 ) (0 213.481995 -656 ) 
4 74 75 (8 213.481995 -656 ) (0 213.481995 -656 ) (0 232 -656 ) (8 232 -656 ) 
4 75 110 (0 232 -656 ) (0 232 -672 ) (0 213.481995 -672 ) (0 213.481995 -656 ) 
4 75 82 (0 213.481995 -672 ) (0 232 -672 ) (8 232 -672 ) (8 213.481995 -672 ) 
4 75 76 (0 213.481995 -672 ) (8 213.481995 -672 ) (8 213.481995 -656 ) (0 213.481995 -656 ) 
4 76 111 (0 0 -672 ) (0 0 -656 ) (0 213.481995 -656 ) (0 213.481995 -672 ) 
4 76 109 (0 0 -656 ) (0 0 992 ) (0 213.481995 992 ) (0 213.481995 -656 ) 
4 76 84 (0 0 992 ) (0 0 -672 ) (8 0 -672 ) (8 0 992 ) 
4 76 83 (8 0 -672 ) (0 0 -672 ) (0 213.481995 -672 ) (8 213.481995 -672 ) 
4 77 114 (0 1008 -672 ) (0 1024 -672 ) (0 1024 -992 ) (0 1008 -992 ) 
4 78 84 (992 0 -672 ) (224 0 -672 ) (224 0 -992 ) (992 0 -992 ) 
4 78 81 (224 232 -992 ) (224 0 -992 ) (224 0 -672 ) (224 232 -672 ) 
4 78 79 (224 976 -672 ) (224 976 -992 ) (224 856 -992 ) (224 856 -672 ) 
4 79 117 (0 856 -672 ) (0 916 -672 ) (0 916 -992 ) (0 856 -992 ) 
4 79 116 (0 916 -672 ) (0 976 -672 ) (0 976 -992 ) (0 916 -992 ) 
4 80 118 (0 256 -672 ) (0 832 -672 ) (0 832 -992 ) (0 256 -992 ) 
4 81 84 (224 0 -672 ) (8 0 -672 ) (8 0 -992 ) (224 0 -992 ) 
4 81 83 (8 213.481995 -992 ) (8 0 -992 ) (8 0 -672 ) (8 213.481995 -672 ) 
4 81 82 (8 232 -672 ) (8 232 -992 ) (8 213.481995 -992 ) (8 213.481995 -672 ) 
4 82 119 (0 213.481995 -672 ) (0 232 -672 ) (0 232 -992 ) (0 213.481995 -992 ) 
4 82 83 (0 213.481995 -992 ) (8 213.481995 -992 ) (8 213.481995 -672 ) (0 213.481995 -672 ) 
4 83 120 (0 0 -992 ) (0 0 -672 ) (0 213.481995 -672 ) (0 213.481995 -992 ) 
4 83 84 (8 0 -672 ) (0 0 -672 ) (0 0 -992 ) (8 0 -992 ) 
4 84 129 (0 -1024 -992 ) (0 -1024 -896 ) (0 0 -896 ) (0 0 -992 ) 
4 84 123 (0 -1024 -896 ) (0 -1024 992 ) (0 0 992 ) (0 0 -896 ) 
4 85 88 (0 3072 -992 ) (0 3072 912 ) (-1024 3072 912 ) (-1024 3072 -992 ) 
4 85 86 (-1024 4096 912 ) (-1024 4096 -992 ) (-1024 3072 -992 ) (-1024 3072 912 ) 
4 86 91 (-1024 3072 -992 ) (-1024 3072 912 ) (-2048 3072 912 ) (-2048 3072 -992 ) 
4 86 87 (-2048 3072 -992 ) (-2048 3072 912 ) (-2048 4096 912 ) (-2048 4096 -992 ) 
4 87 95 (-3072 4096 912 ) (-3072 4096 -992 ) (-3072 3072 -992 ) (-3072 3072 912 ) 
4 87 92 (-2048 3072 -992 ) (-2048 3072 912 ) (-3072 3072 912 ) (-3072 3072 -992 ) 
4 88 91 (-1024 3072 912 ) (-1024 3072 -992 ) (-1024 2048 -992 ) (-1024 2048 912 ) 
4 88 90 (-983 2048 912 ) (-1024 2048 912 ) (-1024 2048 -992 ) (-983 2048 -992 ) 
4 88 89 (0 2048 -992 ) (0 2048 912 ) (-983 2048 912 ) (-983 2048 -992 ) 
4 89 114 (0 1024 -992 ) (0 1024 -672 ) (-983 1024 -672 ) (-983 1024 -992 ) 
4 89 101 (0 1024 -672 ) (0 1024 912 ) (-983 1024 912 ) (-983 1024 -672 ) 
4 89 90 (-983 2048 -992 ) (-983 1101 -992 ) (-983 1101 912 ) (-983 2048 912 ) 
4 90 93 (-1024 1101 912 ) (-1024 2048 912 ) (-1024 2048 -992 ) (-1024 1101 -992 ) 
4 91 93 (-1024 2048 -992 ) (-1024 2048 912 ) (-2048 2048 912 ) (-2048 2048 -992 ) 
4 91 92 (-2048 3072 912 ) (-2048 3072 -992 ) (-2048 2048 -992 ) (-2048 2048 912 ) 
4 92 97 (-3072 2048 -992 ) (-3072 2048 912 ) (-3072 3072 912 ) (-3072 3072 -992 ) 
4 92 94 (-2048 2048 -992 ) (-2048 2048 912 ) (-3072 2048 912 ) (-3072 2048 -992 ) 
4 93 94 (-2048 2048 912 ) (-2048 2048 -992 ) (-2048 1101 -992 ) (-2048 1101 912 ) 
4 94 98 (-3072 1101 -992 ) (-3072 1101 912 ) (-3072 2048 912 ) (-3072 2048 -992 ) 
4 95 97 (-3072 3072 -992 ) (-3072 3072 912 ) (-4096 3072 912 ) (-4096 3072 -992 ) 
4 95 96 (-4096 4096 912 ) (-4096 4096 -992 ) (-4096 3072 -992 ) (-4096 3072 912 ) 
4 96 99 (-4096 3072 -992 ) (-4096 3072 912 ) (-4395 3072 912 ) (-4395 3072 -992 ) 
4 97 99 (-4096 3072 912 ) (-4096 3072 -992 ) (-4096 2048 -992 ) (-4096 2048 912 ) 
4 97 98 (-3072 2048 -992 ) (-3072 2048 912 ) (-4096 2048 912 ) (-4096 2048 -992 ) 
4 98 100 (-4096 1101 -992 ) (-4096 1101 912 ) (-4096 2048 912 ) (-4096 2048 -992 ) 
4 99 100 (-4096 2048 -992 ) (-4096 2048 912 ) (-4395 2048 912 ) (-4395 2048 -992 ) 
4 101 114 (-983 1024 -672 ) (0 1024 -672 ) (0 1008 -672 ) (-983 1008 -672 ) 
4 102 122 (-288 856 -672 ) (-983 856 -672 ) (-983 916 -672 ) (-288 916 -672 ) 
4 102 117 (0 916 -672 ) (0 856 -672 ) (-288 856 -672 ) (-288 916 -672 ) 
4 102 116 (0 976 -672 ) (0 916 -672 ) (-983 916 -672 ) (-983 976 -672 ) 
4 102 113 (-983 916 -672 ) (-983 856 -672 ) (-983 856 992 ) (-983 916 992 ) 
4 102 103 (0 856 992 ) (-288 856 992 ) (-288 856 -640 ) (0 856 -640 ) 
4 102 104 (-288 856 992 ) (-983 856 992 ) (-983 856 -672 ) (-288 856 -672 ) 
4 103 107 (-256 832 992 ) (-288 832 992 ) (-288 832 -640 ) (-256 832 -640 ) 
4 103 105 (0 832 992 ) (-256 832 992 ) (-256 832 -640 ) (0 832 -640 ) 
4 103 104 (-288 856 992 ) (-288 856 -640 ) (-288 832 -640 ) (-288 832 992 ) 
4 104 122 (-288 832 -672 ) (-983 832 -672 ) (-983 856 -672 ) (-288 856 -672 ) 
4 104 113 (-983 856 -672 ) (-983 832 -672 ) (-983 832 992 ) (-983 856 992 ) 
4 104 108 (-288 832 992 ) (-983 832 992 ) (-983 832 -672 ) (-288 832 -672 ) 
4 105 118 (0 832 -672 ) (0 256 -672 ) (-256 256 -672 ) (-256 832 -672 ) 
4 105 107 (-256 832 992 ) (-256 832 -640 ) (-256 256 -640 ) (-256 256 992 ) 
4 105 106 (-256 256 992 ) (-256 256 -640 ) (0 256 -640 ) (0 256 992 ) 
4 106 109 (0 232 -640 ) (0 232 992 ) (-256 232 992 ) (-256 232 -640 ) 
4 106 107 (-256 232 -640 ) (-256 232 992 ) (-256 256 992 ) (-256 256 -640 ) 
4 107 109 (-256 232 -640 ) (-256 232 992 ) (-288 232 992 ) (-288 232 -640 ) 
4 107 108 (-288 832 992 ) (-288 832 -640 ) (-288 232 -640 ) (-288 232 992 ) 
4 108 122 (-288 232 -672 ) (-983 232 -672 ) (-983 832 -672 ) (-288 832 -672 ) 
4 108 113 (-983 832 -672 ) (-983 232 -672 ) (-983 232 992 ) (-983 832 992 ) 
4 108 112 (-983 232 -656 ) (-983 232 -672 ) (-288 232 -672 ) (-288 232 -656 ) 
4 108 109 (-983 232 992 ) (-983 232 -656 ) (-288 232 -656 ) (-288 232 992 ) 
4 109 124 (-472 0 992 ) (-536 0 992 ) (-536 0 -656 ) (-472 0 -656 ) 
4 109 123 (0 0 -656 ) (0 0 992 ) (-472 0 992 ) (-472 0 -656 ) 
4 109 128 (-536 0 992 ) (-983 0 992 ) (-983 0 -656 ) (-536 0 -656 ) 
4 109 113 (-983 0 -656 ) (-983 0 992 ) (-983 232 992 ) (-983 232 -656 ) 
4 109 111 (0 0 -656 ) (-72 0 -656 ) (-72 213.481995 -656 ) (0 213.481995 -656 ) 
4 109 110 (-72 213.481995 -656 ) (-72 232 -656 ) (0 232 -656 ) (0 213.481995 -656 ) 
4 109 112 (-72 0 -656 ) (-983 0 -656 ) (-983 232 -656 ) (-72 232 -656 ) 
4 110 119 (0 232 -672 ) (0 213.481995 -672 ) (-72 213.481995 -672 ) (-72 232 -672 ) 
4 110 112 (-72 213.481995 -656 ) (-72 232 -656 ) (-72 232 -672 ) (-72 213.481995 -672 ) 
4 110 111 (-72 213.481995 -656 ) (-72 213.481995 -672 ) (0 213.481995 -672 ) (0 213.481995 -656 ) 
4 111 123 (0 0 -672 ) (0 0 -656 ) (-72 0 -656 ) (-72 0 -672 ) 
4 111 120 (0 213.481995 -672 ) (0 0 -672 ) (-72 0 -672 ) (-72 213.481995 -672 ) 
4 111 112 (-72 0 -656 ) (-72 213.481995 -656 ) (-72 213.481995 -672 ) (-72 0 -672 ) 
4 112 124 (-472 0 -656 ) (-536 0 -656 ) (-536 0 -672 ) (-472 0 -672 ) 
4 112 123 (-72 0 -656 ) (-472 0 -656 ) (-472 0 -672 ) (-72 0 -672 ) 
4 112 128 (-536 0 -656 ) (-983 0 -656 ) (-983 0 -672 ) (-536 0 -672 ) 
4 112 122 (-288 0 -672 ) (-983 0 -672 ) (-983 232 -672 ) (-288 232 -672 ) 
4 112 121 (-72 0 -672 ) (-288 0 -672 ) (-288 232 -672 ) (-72 232 -672 ) 
4 112 113 (-983 232 -672 ) (-983 0 -672 ) (-983 0 -656 ) (-983 232 -656 ) 
4 113 128 (-992 0 -672 ) (-983 0 -672 ) (-983 0 992 ) (-992 0 992 ) 
4 113 122 (-992 916 -672 ) (-983 916 -672 ) (-983 0 -672 ) (-992 0 -672 ) 
4 114 115 (-528 1008 -992 ) (-480 1008 -992 ) (-480 1008 -890 ) (-528 1008 -890 ) 
4 115 116 (-480 976 -890 ) (-528 976 -890 ) (-528 976 -992 ) (-480 976 -992 ) 
4 116 122 (-983 916 -992 ) (-288 916 -992 ) (-288 916 -672 ) (-983 916 -672 ) 
4 116 117 (-288 916 -992 ) (0 916 -992 ) (0 916 -672 ) (-288 916 -672 ) 
4 117 122 (-288 916 -672 ) (-288 916 -992 ) (-288 856 -992 ) (-288 856 -672 ) 
4 119 121 (-72 232 -672 ) (-72 232 -992 ) (-72 213.481995 -992 ) (-72 213.481995 -672 ) 
4 119 120 (-72 213.481995 -672 ) (-72 213.481995 -992 ) (0 213.481995 -992 ) (0 213.481995 -672 ) 
4 120 129 (0 0 -992 ) (0 0 -896 ) (-72 0 -896 ) (-72 0 -992 ) 
4 120 123 (0 0 -896 ) (0 0 -672 ) (-72 0 -672 ) (-72 0 -896 ) 
4 120 121 (-72 213.481995 -992 ) (-72 0 -992 ) (-72 0 -672 ) (-72 213.481995 -672 ) 
4 121 133 (-288 0 -896 ) (-288 0 -992 ) (-256 0 -992 ) (-256 0 -896 ) 
4 121 130 (-256 0 -992 ) (-128 0 -992 ) (-128 0 -896 ) (-256 0 -896 ) 
4 121 129 (-128 0 -992 ) (-72 0 -992 ) (-72 0 -896 ) (-128 0 -896 ) 
4 121 123 (-72 0 -672 ) (-288 0 -672 ) (-288 0 -896 ) (-72 0 -896 ) 
4 121 122 (-288 232 -992 ) (-288 0 -992 ) (-288 0 -672 ) (-288 232 -672 ) 
4 122 133 (-416 0 -992 ) (-288 0 -992 ) (-288 0 -896 ) (-416 0 -896 ) 
4 122 135 (-992 0 -896 ) (-992 0 -992 ) (-416 0 -992 ) (-416 0 -896 ) 
4 122 124 (-472 0 -672 ) (-536 0 -672 ) (-536 0 -896 ) (-472 0 -896 ) 
4 122 123 (-288 0 -672 ) (-472 0 -672 ) (-472 0 -896 ) (-288 0 -896 ) 
4 122 128 (-536 0 -672 ) (-992 0 -672 ) (-992 0 -896 ) (-536 0 -896 ) 
4 123 133 (-416 0 -896 ) (-256 0 -896 ) (-256 -288 -896 ) (-416 -288 -896 ) 
4 123 134 (-256 -320 -896 ) (-256 -1024 -896 ) (-416 -1024 -896 ) (-416 -320 -896 ) 
4 123 135 (-472 0 -896 ) (-416 0 -896 ) (-416 -1024 -896 ) (-472 -1024 -896 ) 
4 123 131 (-128 -352 -896 ) (-128 -480 -896 ) (-256 -480 -896 ) (-256 -352 -896 ) 
4 123 130 (-256 0 -896 ) (-128 0 -896 ) (-128 -352 -896 ) (-256 -352 -896 ) 
4 123 132 (-128 -480 -896 ) (-128 -1024 -896 ) (-256 -1024 -896 ) (-256 -480 -896 ) 
4 123 129 (-128 0 -896 ) (0 0 -896 ) (0 -1024 -896 ) (-128 -1024 -896 ) 
4 123 125 (-472 -976 272 ) (-472 -976 992 ) (-472 -912 992 ) (-472 -912 272 ) 
4 123 126 (-472 -912 -896 ) (-472 -976 -896 ) (-472 -976 256 ) (-472 -912 256 ) 
4 123 124 (-472 0 -896 ) (-472 -912 -896 ) (-472 -912 992 ) (-472 0 992 ) 
4 123 127 (-472 -976 -896 ) (-472 -1024 -896 ) (-472 -1024 992 ) (-472 -976 992 ) 
4 124 135 (-536 0 -896 ) (-472 0 -896 ) (-472 -912 -896 ) (-536 -912 -896 ) 
4 124 125 (-536 -912 992 ) (-536 -912 272 ) (-472 -912 272 ) (-472 -912 992 ) 
4 124 126 (-536 -912 256 ) (-536 -912 -896 ) (-472 -912 -896 ) (-472 -912 256 ) 
4 124 128 (-536 0 -896 ) (-536 -912 -896 ) (-536 -912 992 ) (-536 0 992 ) 
4 125 127 (-536 -976 992 ) (-536 -976 272 ) (-472 -976 272 ) (-472 -976 992 ) 
4 125 128 (-536 -976 272 ) (-536 -976 992 ) (-536 -912 992 ) (-536 -912 272 ) 
4 126 135 (-472 -912 -896 ) (-472 -976 -896 ) (-536 -976 -896 ) (-536 -912 -896 ) 
4 126 128 (-536 -912 -896 ) (-536 -976 -896 ) (-536 -976 256 ) (-536 -912 256 ) 
4 126 127 (-536 -976 256 ) (-536 -976 -896 ) (-472 -976 -896 ) (-472 -976 256 ) 
4 127 135 (-472 -976 -896 ) (-472 -1024 -896 ) (-536 -1024 -896 ) (-536 -976 -896 ) 
4 127 128 (-536 -976 -896 ) (-536 -1024 -896 ) (-536 -1024 992 ) (-536 -976 992 ) 
4 128 135 (-992 -1024 -896 ) (-992 0 -896 ) (-536 0 -896 ) (-536 -1024 -896 ) 
4 129 131 (-128 -480 -983.315063 ) (-128 -480 -896 ) (-128 -352 -896 ) (-128 -352 -983.315063 ) 
4 129 130 (-128 0 -992 ) (-128 -352 -992 ) (-128 -352 -896 ) (-128 0 -896 ) 
4 129 132 (-128 -480 -992 ) (-128 -1024 -992 ) (-128 -1024 -896 ) (-128 -480 -896 ) 
4 130 133 (-256 0 -992 ) (-256 -288 -992 ) (-256 -288 -896 ) (-256 0 -896 ) 
4 130 134 (-256 -320 -992 ) (-256 -352 -992 ) (-256 -352 -896 ) (-256 -320 -896 ) 
4 130 131 (-256 -352 -896 ) (-256 -352 -983.315063 ) (-128 -352 -983.315063 ) (-128 -352 -896 ) 
4 131 134 (-256 -480 -983.315063 ) (-256 -480 -896 ) (-256 -352 -896 ) (-256 -352 -983.315063 ) 
4 131 132 (-256 -480 -896 ) (-256 -480 -983.315063 ) (-128 -480 -983.315063 ) (-128 -480 -896 ) 
4 132 134 (-256 -480 -992 ) (-256 -1024 -992 ) (-256 -1024 -896 ) (-256 -480 -896 ) 
4 133 135 (-416 0 -992 ) (-416 -288 -992 ) (-416 -288 -896 ) (-416 0 -896 ) 
4 134 135 (-416 -320 -992 ) (-416 -1024 -992 ) (-416 -1024 -896 ) (-416 -320 -896 ) 
