PRT1
139
312
4 0 2 (4153 8192 -992 ) (4153 8192 912 ) (4096 8192 912 ) (4096 8192 -992 ) 
4 0 1 (4096 8192 -992 ) (4096 8192 912 ) (4096 8300 912 ) (4096 8300 -992 ) 
4 1 4 (3072 8192 -992 ) (3072 8192 912 ) (3072 8300 912 ) (3072 8300 -992 ) 
4 1 3 (4096 8192 -992 ) (4096 8192 912 ) (3072 8192 912 ) (3072 8192 -992 ) 
4 2 10 (4153 7168 -992 ) (4153 7168 912 ) (4096 7168 912 ) (4096 7168 -992 ) 
4 2 3 (4096 8192 912 ) (4096 8192 -992 ) (4096 7168 -992 ) (4096 7168 912 ) 
4 3 11 (4096 7168 -992 ) (4096 7168 912 ) (3072 7168 912 ) (3072 7168 -992 ) 
4 3 5 (3072 7168 -992 ) (3072 7168 912 ) (3072 8192 912 ) (3072 8192 -992 ) 
4 4 6 (2048 8192 -992 ) (2048 8192 912 ) (2048 8300 912 ) (2048 8300 -992 ) 
4 4 5 (3072 8192 -992 ) (3072 8192 912 ) (2048 8192 912 ) (2048 8192 -992 ) 
4 5 16 (3072 7168 -992 ) (3072 7168 912 ) (2048 7168 912 ) (2048 7168 -992 ) 
4 5 8 (2048 7168 -992 ) (2048 7168 912 ) (2048 8192 912 ) (2048 8192 -992 ) 
4 6 8 (2048 8192 -992 ) (2048 8192 912 ) (1024 8192 912 ) (1024 8192 -992 ) 
4 6 7 (1024 8192 -992 ) (1024 8192 912 ) (1024 8300 912 ) (1024 8300 -992 ) 
4 7 25 (0 8192 -992 ) (0 8192 912 ) (0 8300 912 ) (0 8300 -992 ) 
4 7 9 (1024 8192 -992 ) (1024 8192 912 ) (0 8192 912 ) (0 8192 -992 ) 
4 8 17 (2048 7168 -992 ) (2048 7168 912 ) (1024 7168 912 ) (1024 7168 -992 ) 
4 8 9 (1024 8192 912 ) (1024 8192 -992 ) (1024 7168 -992 ) (1024 7168 912 ) 
4 9 26 (0 7168 -992 ) (0 7168 912 ) (0 8192 912 ) (0 8192 -992 ) 
4 9 18 (1024 7168 -992 ) (1024 7168 912 ) (0 7168 912 ) (0 7168 -992 ) 
4 10 12 (4153 6144 -992 ) (4153 6144 912 ) (4096 6144 912 ) (4096 6144 -992 ) 
4 10 11 (4096 6144 -992 ) (4096 6144 912 ) (4096 7168 912 ) (4096 7168 -992 ) 
4 11 16 (3072 7168 912 ) (3072 7168 -992 ) (3072 6144 -992 ) (3072 6144 912 ) 
4 11 13 (4096 6144 -992 ) (4096 6144 912 ) (3072 6144 912 ) (3072 6144 -992 ) 
4 12 14 (4153 5120 -992 ) (4153 5120 912 ) (4096 5120 912 ) (4096 5120 -992 ) 
4 12 13 (4096 6144 912 ) (4096 6144 -992 ) (4096 5120 -992 ) (4096 5120 912 ) 
4 13 19 (3072 5120 -992 ) (3072 5120 912 ) (3072 6144 912 ) (3072 6144 -992 ) 
4 13 15 (4096 5120 -992 ) (4096 5120 912 ) (3072 5120 912 ) (3072 5120 -992 ) 
4 14 50 (4153 4096 -992 ) (4153 4096 912 ) (4096 4096 912 ) (4096 4096 -992 ) 
4 14 15 (4096 5120 912 ) (4096 5120 -992 ) (4096 4096 -992 ) (4096 4096 912 ) 
4 15 51 (4096 4096 -992 ) (4096 4096 912 ) (3072 4096 912 ) (3072 4096 -992 ) 
4 15 20 (3072 4096 -992 ) (3072 4096 912 ) (3072 5120 912 ) (3072 5120 -992 ) 
4 16 19 (3072 6144 -992 ) (3072 6144 912 ) (2048 6144 912 ) (2048 6144 -992 ) 
4 16 17 (2048 7168 912 ) (2048 7168 -992 ) (2048 6144 -992 ) (2048 6144 912 ) 
4 17 21 (2048 6144 -992 ) (2048 6144 912 ) (1024 6144 912 ) (1024 6144 -992 ) 
4 17 18 (1024 6144 -992 ) (1024 6144 912 ) (1024 7168 912 ) (1024 7168 -992 ) 
4 18 35 (0 6144 -992 ) (0 6144 912 ) (0 7168 912 ) (0 7168 -992 ) 
4 18 22 (1024 6144 -992 ) (1024 6144 912 ) (0 6144 912 ) (0 6144 -992 ) 
4 19 21 (2048 6144 912 ) (2048 6144 -992 ) (2048 5120 -992 ) (2048 5120 912 ) 
4 19 20 (3072 5120 -992 ) (3072 5120 912 ) (2048 5120 912 ) (2048 5120 -992 ) 
4 20 56 (3072 4096 -992 ) (3072 4096 912 ) (2048 4096 912 ) (2048 4096 -992 ) 
4 20 23 (2048 4096 -992 ) (2048 4096 912 ) (2048 5120 912 ) (2048 5120 -992 ) 
4 21 23 (2048 5120 -992 ) (2048 5120 912 ) (1024 5120 912 ) (1024 5120 -992 ) 
4 21 22 (1024 6144 912 ) (1024 6144 -992 ) (1024 5120 -992 ) (1024 5120 912 ) 
4 22 38 (0 5120 -992 ) (0 5120 912 ) (0 6144 912 ) (0 6144 -992 ) 
4 22 24 (1024 5120 -992 ) (1024 5120 912 ) (0 5120 912 ) (0 5120 -992 ) 
4 23 57 (2048 4096 -992 ) (2048 4096 912 ) (1024 4096 912 ) (1024 4096 -992 ) 
4 23 24 (1024 5120 912 ) (1024 5120 -992 ) (1024 4096 -992 ) (1024 4096 912 ) 
4 24 58 (1024 4096 -992 ) (1024 4096 912 ) (0 4096 912 ) (0 4096 -992 ) 
4 24 39 (0 4096 -992 ) (0 4096 912 ) (0 5120 912 ) (0 5120 -992 ) 
4 25 27 (-1024 8192 -992 ) (-1024 8192 912 ) (-1024 8300 912 ) (-1024 8300 -992 ) 
4 25 26 (0 8192 -992 ) (0 8192 912 ) (-1024 8192 912 ) (-1024 8192 -992 ) 
4 26 35 (0 7168 -992 ) (0 7168 912 ) (-1024 7168 912 ) (-1024 7168 -992 ) 
4 26 29 (-1024 7168 -992 ) (-1024 7168 912 ) (-1024 8192 912 ) (-1024 8192 -992 ) 
4 27 29 (-1024 8192 -992 ) (-1024 8192 912 ) (-2048 8192 912 ) (-2048 8192 -992 ) 
4 27 28 (-2048 8192 -992 ) (-2048 8192 912 ) (-2048 8300 912 ) (-2048 8300 -992 ) 
4 28 31 (-3072 8192 -992 ) (-3072 8192 912 ) (-3072 8300 912 ) (-3072 8300 -992 ) 
4 28 30 (-2048 8192 -992 ) (-2048 8192 912 ) (-3072 8192 912 ) (-3072 8192 -992 ) 
4 29 36 (-1024 7168 -992 ) (-1024 7168 912 ) (-2048 7168 912 ) (-2048 7168 -992 ) 
4 29 30 (-2048 8192 912 ) (-2048 8192 -992 ) (-2048 7168 -992 ) (-2048 7168 912 ) 
4 30 37 (-2048 7168 -992 ) (-2048 7168 912 ) (-3072 7168 912 ) (-3072 7168 -992 ) 
4 30 32 (-3072 7168 -992 ) (-3072 7168 912 ) (-3072 8192 912 ) (-3072 8192 -992 ) 
4 31 33 (-4096 8192 -992 ) (-4096 8192 912 ) (-4096 8300 912 ) (-4096 8300 -992 ) 
4 31 32 (-3072 8192 -992 ) (-3072 8192 912 ) (-4096 8192 912 ) (-4096 8192 -992 ) 
4 32 44 (-3072 7168 -992 ) (-3072 7168 912 ) (-4096 7168 912 ) (-4096 7168 -992 ) 
4 32 34 (-4096 7168 -992 ) (-4096 7168 912 ) (-4096 8192 912 ) (-4096 8192 -992 ) 
4 33 34 (-4096 8192 -992 ) (-4096 8192 912 ) (-4395 8192 912 ) (-4395 8192 -992 ) 
4 34 45 (-4096 7168 -992 ) (-4096 7168 912 ) (-4395 7168 912 ) (-4395 7168 -992 ) 
4 35 38 (0 6144 -992 ) (0 6144 912 ) (-1024 6144 912 ) (-1024 6144 -992 ) 
4 35 36 (-1024 7168 912 ) (-1024 7168 -992 ) (-1024 6144 -992 ) (-1024 6144 912 ) 
4 36 40 (-1024 6144 -992 ) (-1024 6144 912 ) (-2048 6144 912 ) (-2048 6144 -992 ) 
4 36 37 (-2048 6144 -992 ) (-2048 6144 912 ) (-2048 7168 912 ) (-2048 7168 -992 ) 
4 37 44 (-3072 7168 912 ) (-3072 7168 -992 ) (-3072 6144 -992 ) (-3072 6144 912 ) 
4 37 41 (-2048 6144 -992 ) (-2048 6144 912 ) (-3072 6144 912 ) (-3072 6144 -992 ) 
4 38 40 (-1024 6144 912 ) (-1024 6144 -992 ) (-1024 5120 -992 ) (-1024 5120 912 ) 
4 38 39 (0 5120 -992 ) (0 5120 912 ) (-1024 5120 912 ) (-1024 5120 -992 ) 
4 39 88 (0 4096 -992 ) (0 4096 912 ) (-1024 4096 912 ) (-1024 4096 -992 ) 
4 39 42 (-1024 4096 -992 ) (-1024 4096 912 ) (-1024 5120 912 ) (-1024 5120 -992 ) 
4 40 42 (-1024 5120 -992 ) (-1024 5120 912 ) (-2048 5120 912 ) (-2048 5120 -992 ) 
4 40 41 (-2048 6144 912 ) (-2048 6144 -992 ) (-2048 5120 -992 ) (-2048 5120 912 ) 
4 41 46 (-3072 5120 -992 ) (-3072 5120 912 ) (-3072 6144 912 ) (-3072 6144 -992 ) 
4 41 43 (-2048 5120 -992 ) (-2048 5120 912 ) (-3072 5120 912 ) (-3072 5120 -992 ) 
4 42 89 (-1024 4096 -992 ) (-1024 4096 912 ) (-2048 4096 912 ) (-2048 4096 -992 ) 
4 42 43 (-2048 5120 912 ) (-2048 5120 -992 ) (-2048 4096 -992 ) (-2048 4096 912 ) 
4 43 90 (-2048 4096 -992 ) (-2048 4096 912 ) (-3072 4096 912 ) (-3072 4096 -992 ) 
4 43 47 (-3072 4096 -992 ) (-3072 4096 912 ) (-3072 5120 912 ) (-3072 5120 -992 ) 
4 44 46 (-3072 6144 -992 ) (-3072 6144 912 ) (-4096 6144 912 ) (-4096 6144 -992 ) 
4 44 45 (-4096 7168 912 ) (-4096 7168 -992 ) (-4096 6144 -992 ) (-4096 6144 912 ) 
4 45 48 (-4096 6144 -992 ) (-4096 6144 912 ) (-4395 6144 912 ) (-4395 6144 -992 ) 
4 46 48 (-4096 6144 912 ) (-4096 6144 -992 ) (-4096 5120 -992 ) (-4096 5120 912 ) 
4 46 47 (-3072 5120 -992 ) (-3072 5120 912 ) (-4096 5120 912 ) (-4096 5120 -992 ) 
4 47 99 (-3072 4096 -992 ) (-3072 4096 912 ) (-4096 4096 912 ) (-4096 4096 -992 ) 
4 47 49 (-4096 4096 -992 ) (-4096 4096 912 ) (-4096 5120 912 ) (-4096 5120 -992 ) 
4 48 49 (-4096 5120 -992 ) (-4096 5120 912 ) (-4395 5120 912 ) (-4395 5120 -992 ) 
4 49 100 (-4096 4096 -992 ) (-4096 4096 912 ) (-4395 4096 912 ) (-4395 4096 -992 ) 
4 50 52 (4153 3072 -992 ) (4153 3072 912 ) (4096 3072 912 ) (4096 3072 -992 ) 
4 50 51 (4096 3072 -992 ) (4096 3072 912 ) (4096 4096 912 ) (4096 4096 -992 ) 
4 51 56 (3072 4096 912 ) (3072 4096 -992 ) (3072 3072 -992 ) (3072 3072 912 ) 
4 51 53 (4096 3072 -992 ) (4096 3072 912 ) (3072 3072 912 ) (3072 3072 -992 ) 
4 52 54 (4153 2048 -992 ) (4153 2048 912 ) (4096 2048 912 ) (4096 2048 -992 ) 
4 52 53 (4096 3072 912 ) (4096 3072 -992 ) (4096 2048 -992 ) (4096 2048 912 ) 
4 53 59 (3072 2048 -992 ) (3072 2048 912 ) (3072 3072 912 ) (3072 3072 -992 ) 
4 53 55 (4096 2048 -992 ) (4096 2048 912 ) (3072 2048 912 ) (3072 2048 -992 ) 
4 54 55 (4096 2048 912 ) (4096 2048 -992 ) (4096 1070 -992 ) (4096 1070 912 ) 
4 55 60 (3072 1070 -992 ) (3072 1070 912 ) (3072 2048 912 ) (3072 2048 -992 ) 
4 56 59 (3072 3072 -992 ) (3072 3072 912 ) (2048 3072 912 ) (2048 3072 -992 ) 
4 56 57 (2048 4096 912 ) (2048 4096 -992 ) (2048 3072 -992 ) (2048 3072 912 ) 
4 57 61 (2048 3072 -992 ) (2048 3072 912 ) (1024 3072 912 ) (1024 3072 -992 ) 
4 57 58 (1024 3072 -992 ) (1024 3072 912 ) (1024 4096 912 ) (1024 4096 -992 ) 
4 58 88 (0 4096 912 ) (0 4096 -992 ) (0 3072 -992 ) (0 3072 912 ) 
4 58 62 (1024 3072 -992 ) (1024 3072 912 ) (0 3072 912 ) (0 3072 -992 ) 
4 59 61 (2048 3072 912 ) (2048 3072 -992 ) (2048 2048 -992 ) (2048 2048 912 ) 
4 59 60 (3072 2048 -992 ) (3072 2048 912 ) (2048 2048 912 ) (2048 2048 -992 ) 
4 60 67 (2048 1070 -992 ) (2048 1070 -928 ) (2048 2048 -928 ) (2048 2048 -992 ) 
4 60 65 (2048 1070 -928 ) (2048 1070 -890 ) (2048 2048 -890 ) (2048 2048 -928 ) 
4 60 63 (2048 1070 -890 ) (2048 1070 912 ) (2048 2048 912 ) (2048 2048 -890 ) 
4 61 68 (1568 2048 -928 ) (1024 2048 -928 ) (1024 2048 -992 ) (1568 2048 -992 ) 
4 61 67 (2048 2048 -992 ) (2048 2048 -928 ) (1568 2048 -928 ) (1568 2048 -992 ) 
4 61 66 (1562 2048 -890 ) (1024 2048 -890 ) (1024 2048 -928 ) (1562 2048 -928 ) 
4 61 65 (2048 2048 -928 ) (2048 2048 -890 ) (1562 2048 -890 ) (1562 2048 -928 ) 
4 61 64 (1040 2048 912 ) (1024 2048 912 ) (1024 2048 -890 ) (1040 2048 -890 ) 
4 61 63 (2048 2048 -890 ) (2048 2048 912 ) (1040 2048 912 ) (1040 2048 -890 ) 
4 61 62 (1024 3072 912 ) (1024 3072 -992 ) (1024 2048 -992 ) (1024 2048 912 ) 
4 62 91 (0 2048 -992 ) (0 2048 912 ) (0 3072 912 ) (0 3072 -992 ) 
4 62 69 (1024 2048 -992 ) (1024 2048 912 ) (0 2048 912 ) (0 2048 -992 ) 
4 63 66 (1040 1101 -890 ) (1040 2048 -890 ) (1562 2048 -890 ) (1562 1101 -890 ) 
4 63 65 (2048 1070 -890 ) (1562 1070 -890 ) (1562 2048 -890 ) (2048 2048 -890 ) 
4 63 64 (1040 2048 -890 ) (1040 1101 -890 ) (1040 1101 912 ) (1040 2048 912 ) 
4 64 69 (1024 2048 912 ) (1024 2048 -890 ) (1024 1101 -890 ) (1024 1101 912 ) 
4 64 66 (1024 1101 -890 ) (1024 2048 -890 ) (1040 2048 -890 ) (1040 1101 -890 ) 
4 65 68 (1562 1101 -928 ) (1562 2048 -928 ) (1568 2048 -928 ) (1568 1101 -928 ) 
4 65 67 (2048 1070 -928 ) (1568 1070 -928 ) (1568 2048 -928 ) (2048 2048 -928 ) 
4 65 66 (1562 2048 -928 ) (1562 1101 -928 ) (1562 1101 -890 ) (1562 2048 -890 ) 
4 66 69 (1024 2048 -890 ) (1024 2048 -928 ) (1024 1101 -928 ) (1024 1101 -890 ) 
4 66 68 (1024 1101 -928 ) (1024 2048 -928 ) (1562 2048 -928 ) (1562 1101 -928 ) 
4 67 68 (1568 2048 -992 ) (1568 1101 -992 ) (1568 1101 -928 ) (1568 2048 -928 ) 
4 68 69 (1024 2048 -928 ) (1024 2048 -992 ) (1024 1101 -992 ) (1024 1101 -928 ) 
4 69 92 (0 1101 -992 ) (0 1101 912 ) (0 2048 912 ) (0 2048 -992 ) 
4 70 87 (992 0 992 ) (224 0 992 ) (224 0 -672 ) (992 0 -672 ) 
4 70 84 (992 0 -672 ) (224 0 -672 ) (224 232 -672 ) (992 232 -672 ) 
4 70 82 (224 232 -672 ) (224 832 -672 ) (992 832 -672 ) (992 232 -672 ) 
4 70 80 (224 832 -672 ) (224 976 -672 ) (992 976 -672 ) (992 832 -672 ) 
4 70 76 (224 232 -672 ) (224 0 -672 ) (224 0 992 ) (224 232 992 ) 
4 70 73 (224 232 -640 ) (224 232 992 ) (224 832 992 ) (224 832 -640 ) 
4 70 72 (224 832 -640 ) (224 832 992 ) (224 856 992 ) (224 856 -640 ) 
4 70 71 (224 976 -672 ) (224 856 -672 ) (224 856 992 ) (224 976 992 ) 
4 71 107 (0 916 -640 ) (0 916 -672 ) (0 856 -672 ) (0 856 -640 ) 
4 71 106 (0 856 992 ) (0 916 992 ) (0 916 -640 ) (0 856 -640 ) 
4 71 105 (0 916 992 ) (0 976 992 ) (0 976 -672 ) (0 916 -672 ) 
4 71 81 (0 856 -672 ) (0 976 -672 ) (224 976 -672 ) (224 856 -672 ) 
4 71 72 (224 856 -640 ) (224 856 992 ) (0 856 992 ) (0 856 -640 ) 
4 72 106 (0 832 992 ) (0 856 992 ) (0 856 -640 ) (0 832 -640 ) 
4 72 74 (192 832 992 ) (0 832 992 ) (0 832 -640 ) (192 832 -640 ) 
4 72 73 (224 832 -640 ) (224 832 992 ) (192 832 992 ) (192 832 -640 ) 
4 73 76 (224 232 -640 ) (224 232 992 ) (192 232 992 ) (192 232 -640 ) 
4 73 75 (192 256 -640 ) (192 232 -640 ) (192 232 992 ) (192 256 992 ) 
4 73 74 (192 832 992 ) (192 832 -640 ) (192 256 -640 ) (192 256 992 ) 
4 74 108 (0 832 -640 ) (0 832 -672 ) (0 256 -672 ) (0 256 -640 ) 
4 74 106 (0 256 992 ) (0 832 992 ) (0 832 -640 ) (0 256 -640 ) 
4 74 83 (0 256 -672 ) (0 832 -672 ) (192 832 -672 ) (192 256 -672 ) 
4 74 75 (192 256 -640 ) (192 256 992 ) (0 256 992 ) (0 256 -640 ) 
4 75 106 (0 232 992 ) (0 256 992 ) (0 256 -640 ) (0 232 -640 ) 
4 75 77 (8 232 992 ) (0 232 992 ) (0 232 -640 ) (8 232 -640 ) 
4 75 76 (192 232 -640 ) (192 232 992 ) (8 232 992 ) (8 232 -640 ) 
4 76 87 (224 0 992 ) (8 0 992 ) (8 0 -672 ) (224 0 -672 ) 
4 76 84 (224 0 -672 ) (8 0 -672 ) (8 232 -672 ) (224 232 -672 ) 
4 76 78 (8 232 -656 ) (8 232 -672 ) (8 213.481995 -672 ) (8 213.481995 -656 ) 
4 76 77 (8 232 992 ) (8 232 -656 ) (8 213.481995 -656 ) (8 213.481995 992 ) 
4 76 79 (8 213.481995 -672 ) (8 0 -672 ) (8 0 992 ) (8 213.481995 992 ) 
4 77 110 (0 232 -640 ) (0 232 -656 ) (0 213.481995 -656 ) (0 213.481995 -640 ) 
4 77 106 (0 213.481995 992 ) (0 232 992 ) (0 232 -640 ) (0 213.481995 -640 ) 
4 77 79 (8 213.481995 -656 ) (8 213.481995 992 ) (0 213.481995 992 ) (0 213.481995 -656 ) 
4 77 78 (8 213.481995 -656 ) (0 213.481995 -656 ) (0 232 -656 ) (8 232 -656 ) 
4 78 111 (0 232 -656 ) (0 232 -672 ) (0 213.481995 -672 ) (0 213.481995 -656 ) 
4 78 85 (0 213.481995 -672 ) (0 232 -672 ) (8 232 -672 ) (8 213.481995 -672 ) 
4 78 79 (0 213.481995 -672 ) (8 213.481995 -672 ) (8 213.481995 -656 ) (0 213.481995 -656 ) 
4 79 112 (0 0 -672 ) (0 0 -640 ) (0 213.481995 -640 ) (0 213.481995 -672 ) 
4 79 106 (0 0 -640 ) (0 0 992 ) (0 213.481995 992 ) (0 213.481995 -640 ) 
4 79 87 (8 0 992 ) (0 0 992 ) (0 0 -672 ) (8 0 -672 ) 
4 79 86 (8 0 -672 ) (0 0 -672 ) (0 213.481995 -672 ) (8 213.481995 -672 ) 
4 80 82 (224 832 -992 ) (992 832 -992 ) (992 832 -672 ) (224 832 -672 ) 
4 80 81 (224 976 -672 ) (224 976 -992 ) (224 856 -992 ) (224 856 -672 ) 
4 81 119 (0 856 -672 ) (0 916 -672 ) (0 916 -992 ) (0 856 -992 ) 
4 81 118 (0 916 -672 ) (0 976 -672 ) (0 976 -992 ) (0 916 -992 ) 
4 82 84 (224 232 -992 ) (992 232 -992 ) (992 232 -672 ) (224 232 -672 ) 
4 83 120 (0 256 -672 ) (0 832 -672 ) (0 832 -992 ) (0 256 -992 ) 
4 84 87 (992 0 -672 ) (8 0 -672 ) (8 0 -992 ) (992 0 -992 ) 
4 84 86 (8 213.481995 -992 ) (8 0 -992 ) (8 0 -672 ) (8 213.481995 -672 ) 
4 84 85 (8 232 -672 ) (8 232 -992 ) (8 213.481995 -992 ) (8 213.481995 -672 ) 
4 85 121 (0 213.481995 -672 ) (0 232 -672 ) (0 232 -992 ) (0 213.481995 -992 ) 
4 85 86 (0 213.481995 -992 ) (8 213.481995 -992 ) (8 213.481995 -672 ) (0 213.481995 -672 ) 
4 86 122 (0 0 -992 ) (0 0 -672 ) (0 213.481995 -672 ) (0 213.481995 -992 ) 
4 86 87 (8 0 -672 ) (0 0 -672 ) (0 0 -992 ) (8 0 -992 ) 
4 87 131 (0 -1024 -992 ) (0 -1024 -896 ) (0 0 -896 ) (0 0 -992 ) 
4 87 125 (0 -1024 -896 ) (0 -1024 992 ) (0 0 992 ) (0 0 -896 ) 
4 88 91 (0 3072 -992 ) (0 3072 912 ) (-1024 3072 912 ) (-1024 3072 -992 ) 
4 88 89 (-1024 4096 912 ) (-1024 4096 -992 ) (-1024 3072 -992 ) (-1024 3072 912 ) 
4 89 95 (-1024 3072 -992 ) (-1024 3072 912 ) (-2048 3072 912 ) (-2048 3072 -992 ) 
4 89 90 (-2048 3072 -992 ) (-2048 3072 912 ) (-2048 4096 912 ) (-2048 4096 -992 ) 
4 90 99 (-3072 4096 912 ) (-3072 4096 -992 ) (-3072 3072 -992 ) (-3072 3072 912 ) 
4 90 96 (-2048 3072 -992 ) (-2048 3072 912 ) (-3072 3072 912 ) (-3072 3072 -992 ) 
4 91 95 (-1024 3072 912 ) (-1024 3072 -992 ) (-1024 2048 -992 ) (-1024 2048 912 ) 
4 91 92 (0 2048 -992 ) (0 2048 912 ) (-1024 2048 912 ) (-1024 2048 -992 ) 
4 92 97 (-1024 1101 -992 ) (-1024 1101 912 ) (-1024 2048 912 ) (-1024 2048 -992 ) 
4 92 94 (-528 1101 -992 ) (-480 1101 -992 ) (-480 1101 -928 ) (-528 1101 -928 ) 
4 92 93 (-528 1101 -928 ) (-480 1101 -928 ) (-480 1101 -890 ) (-528 1101 -890 ) 
4 93 114 (-480 1024 -890 ) (-528 1024 -890 ) (-528 1024 -928 ) (-480 1024 -928 ) 
4 93 94 (-480 1024 -928 ) (-528 1024 -928 ) (-528 1101 -928 ) (-480 1101 -928 ) 
4 94 116 (-480 1024 -928 ) (-528 1024 -928 ) (-528 1024 -992 ) (-480 1024 -992 ) 
4 95 97 (-1024 2048 -992 ) (-1024 2048 912 ) (-2048 2048 912 ) (-2048 2048 -992 ) 
4 95 96 (-2048 3072 912 ) (-2048 3072 -992 ) (-2048 2048 -992 ) (-2048 2048 912 ) 
4 96 101 (-3072 2048 -992 ) (-3072 2048 912 ) (-3072 3072 912 ) (-3072 3072 -992 ) 
4 96 98 (-2048 2048 -992 ) (-2048 2048 912 ) (-3072 2048 912 ) (-3072 2048 -992 ) 
4 97 98 (-2048 2048 912 ) (-2048 2048 -992 ) (-2048 1101 -992 ) (-2048 1101 912 ) 
4 98 102 (-3072 1101 -992 ) (-3072 1101 912 ) (-3072 2048 912 ) (-3072 2048 -992 ) 
4 99 101 (-3072 3072 -992 ) (-3072 3072 912 ) (-4096 3072 912 ) (-4096 3072 -992 ) 
4 99 100 (-4096 4096 912 ) (-4096 4096 -992 ) (-4096 3072 -992 ) (-4096 3072 912 ) 
4 100 103 (-4096 3072 -992 ) (-4096 3072 912 ) (-4395 3072 912 ) (-4395 3072 -992 ) 
4 101 103 (-4096 3072 912 ) (-4096 3072 -992 ) (-4096 2048 -992 ) (-4096 2048 912 ) 
4 101 102 (-3072 2048 -992 ) (-3072 2048 912 ) (-4096 2048 912 ) (-4096 2048 -992 ) 
4 102 104 (-4096 1101 -992 ) (-4096 1101 912 ) (-4096 2048 912 ) (-4096 2048 -992 ) 
4 103 104 (-4096 2048 -992 ) (-4096 2048 912 ) (-4395 2048 912 ) (-4395 2048 -992 ) 
4 105 118 (0 976 -672 ) (0 916 -672 ) (-983 916 -672 ) (-983 976 -672 ) 
4 105 109 (-983 916 -672 ) (-288 916 -672 ) (-288 916 -640 ) (-983 916 -640 ) 
4 105 107 (-288 916 -672 ) (0 916 -672 ) (0 916 -640 ) (-288 916 -640 ) 
4 105 106 (0 916 -640 ) (0 916 992 ) (-983 916 992 ) (-983 916 -640 ) 
4 106 126 (-472 0 992 ) (-536 0 992 ) (-536 0 -640 ) (-472 0 -640 ) 
4 106 125 (0 0 -640 ) (0 0 992 ) (-472 0 992 ) (-472 0 -640 ) 
4 106 130 (-536 0 992 ) (-992 0 992 ) (-992 0 -640 ) (-536 0 -640 ) 
4 106 110 (0 232 -640 ) (0 213.481995 -640 ) (-72 213.481995 -640 ) (-72 232 -640 ) 
4 106 112 (0 213.481995 -640 ) (0 0 -640 ) (-72 0 -640 ) (-72 213.481995 -640 ) 
4 106 113 (-72 0 -640 ) (-992 0 -640 ) (-992 232 -640 ) (-72 232 -640 ) 
4 106 109 (-992 916 -640 ) (-288 916 -640 ) (-288 232 -640 ) (-992 232 -640 ) 
4 106 108 (0 832 -640 ) (0 256 -640 ) (-256 256 -640 ) (-256 832 -640 ) 
4 106 107 (-288 916 -640 ) (0 916 -640 ) (0 856 -640 ) (-288 856 -640 ) 
4 107 119 (-288 916 -672 ) (0 916 -672 ) (0 856 -672 ) (-288 856 -672 ) 
4 107 109 (-288 856 -640 ) (-288 916 -640 ) (-288 916 -672 ) (-288 856 -672 ) 
4 108 120 (0 832 -672 ) (0 256 -672 ) (-256 256 -672 ) (-256 832 -672 ) 
4 109 124 (-992 916 -672 ) (-288 916 -672 ) (-288 232 -672 ) (-992 232 -672 ) 
4 109 113 (-992 232 -672 ) (-288 232 -672 ) (-288 232 -640 ) (-992 232 -640 ) 
4 110 112 (-72 213.481995 -640 ) (-72 213.481995 -656 ) (0 213.481995 -656 ) (0 213.481995 -640 ) 
4 110 113 (-72 232 -640 ) (-72 232 -656 ) (-72 213.481995 -656 ) (-72 213.481995 -640 ) 
4 110 111 (0 213.481995 -656 ) (-72 213.481995 -656 ) (-72 232 -656 ) (0 232 -656 ) 
4 111 121 (-72 232 -672 ) (0 232 -672 ) (0 213.481995 -672 ) (-72 213.481995 -672 ) 
4 111 112 (-72 213.481995 -656 ) (-72 213.481995 -672 ) (0 213.481995 -672 ) (0 213.481995 -656 ) 
4 111 113 (-72 232 -656 ) (-72 232 -672 ) (-72 213.481995 -672 ) (-72 213.481995 -656 ) 
4 112 125 (0 0 -672 ) (0 0 -640 ) (-72 0 -640 ) (-72 0 -672 ) 
4 112 122 (0 213.481995 -672 ) (0 0 -672 ) (-72 0 -672 ) (-72 213.481995 -672 ) 
4 112 113 (-72 213.481995 -672 ) (-72 0 -672 ) (-72 0 -640 ) (-72 213.481995 -640 ) 
4 113 126 (-472 0 -640 ) (-536 0 -640 ) (-536 0 -672 ) (-472 0 -672 ) 
4 113 125 (-72 0 -640 ) (-472 0 -640 ) (-472 0 -672 ) (-72 0 -672 ) 
4 113 130 (-536 0 -640 ) (-992 0 -640 ) (-992 0 -672 ) (-536 0 -672 ) 
4 113 124 (-992 232 -672 ) (-288 232 -672 ) (-288 0 -672 ) (-992 0 -672 ) 
4 113 123 (-288 232 -672 ) (-72 232 -672 ) (-72 0 -672 ) (-288 0 -672 ) 
4 114 116 (-528 1008 -928 ) (-528 1024 -928 ) (-480 1024 -928 ) (-480 1008 -928 ) 
4 114 115 (-528 1008 -890 ) (-528 1008 -928 ) (-480 1008 -928 ) (-480 1008 -890 ) 
4 115 118 (-480 976 -890 ) (-528 976 -890 ) (-528 976 -928 ) (-480 976 -928 ) 
4 115 117 (-480 976 -928 ) (-528 976 -928 ) (-528 1008 -928 ) (-480 1008 -928 ) 
4 116 117 (-528 1008 -928 ) (-528 1008 -992 ) (-480 1008 -992 ) (-480 1008 -928 ) 
4 117 118 (-480 976 -928 ) (-528 976 -928 ) (-528 976 -992 ) (-480 976 -992 ) 
4 118 124 (-983 916 -992 ) (-288 916 -992 ) (-288 916 -672 ) (-983 916 -672 ) 
4 118 119 (-288 916 -992 ) (0 916 -992 ) (0 916 -672 ) (-288 916 -672 ) 
4 119 124 (-288 916 -672 ) (-288 916 -992 ) (-288 856 -992 ) (-288 856 -672 ) 
4 121 123 (-72 232 -672 ) (-72 232 -992 ) (-72 213.481995 -992 ) (-72 213.481995 -672 ) 
4 121 122 (-72 213.481995 -672 ) (-72 213.481995 -992 ) (0 213.481995 -992 ) (0 213.481995 -672 ) 
4 122 131 (0 0 -992 ) (0 0 -896 ) (-72 0 -896 ) (-72 0 -992 ) 
4 122 125 (0 0 -896 ) (0 0 -672 ) (-72 0 -672 ) (-72 0 -896 ) 
4 122 123 (-72 213.481995 -992 ) (-72 0 -992 ) (-72 0 -672 ) (-72 213.481995 -672 ) 
4 123 135 (-288 0 -896 ) (-288 0 -992 ) (-256 0 -992 ) (-256 0 -896 ) 
4 123 132 (-256 0 -992 ) (-128 0 -992 ) (-128 0 -896 ) (-256 0 -896 ) 
4 123 131 (-128 0 -992 ) (-72 0 -992 ) (-72 0 -896 ) (-128 0 -896 ) 
4 123 125 (-72 0 -672 ) (-288 0 -672 ) (-288 0 -896 ) (-72 0 -896 ) 
4 123 124 (-288 232 -992 ) (-288 0 -992 ) (-288 0 -672 ) (-288 232 -672 ) 
4 124 135 (-416 0 -992 ) (-288 0 -992 ) (-288 0 -896 ) (-416 0 -896 ) 
4 124 137 (-992 0 -896 ) (-992 0 -992 ) (-416 0 -992 ) (-416 0 -896 ) 
4 124 126 (-472 0 -672 ) (-536 0 -672 ) (-536 0 -896 ) (-472 0 -896 ) 
4 124 125 (-288 0 -672 ) (-472 0 -672 ) (-472 0 -896 ) (-288 0 -896 ) 
4 124 130 (-536 0 -672 ) (-992 0 -672 ) (-992 0 -896 ) (-536 0 -896 ) 
4 125 135 (-416 0 -896 ) (-256 0 -896 ) (-256 -288 -896 ) (-416 -288 -896 ) 
4 125 136 (-256 -320 -896 ) (-256 -1024 -896 ) (-416 -1024 -896 ) (-416 -320 -896 ) 
4 125 137 (-472 0 -896 ) (-416 0 -896 ) (-416 -1024 -896 ) (-472 -1024 -896 ) 
4 125 133 (-128 -352 -896 ) (-128 -480 -896 ) (-256 -480 -896 ) (-256 -352 -896 ) 
4 125 132 (-256 0 -896 ) (-128 0 -896 ) (-128 -352 -896 ) (-256 -352 -896 ) 
4 125 134 (-128 -480 -896 ) (-128 -1024 -896 ) (-256 -1024 -896 ) (-256 -480 -896 ) 
4 125 131 (-128 0 -896 ) (0 0 -896 ) (0 -1024 -896 ) (-128 -1024 -896 ) 
4 125 127 (-472 -976 272 ) (-472 -976 992 ) (-472 -912 992 ) (-472 -912 272 ) 
4 125 128 (-472 -912 -896 ) (-472 -976 -896 ) (-472 -976 256 ) (-472 -912 256 ) 
4 125 126 (-472 0 -896 ) (-472 -912 -896 ) (-472 -912 992 ) (-472 0 992 ) 
4 125 129 (-472 -976 -896 ) (-472 -1024 -896 ) (-472 -1024 992 ) (-472 -976 992 ) 
4 126 137 (-536 0 -896 ) (-472 0 -896 ) (-472 -912 -896 ) (-536 -912 -896 ) 
4 126 127 (-536 -912 992 ) (-536 -912 272 ) (-472 -912 272 ) (-472 -912 992 ) 
4 126 128 (-536 -912 256 ) (-536 -912 -896 ) (-472 -912 -896 ) (-472 -912 256 ) 
4 126 130 (-536 0 -896 ) (-536 -912 -896 ) (-536 -912 992 ) (-536 0 992 ) 
4 127 129 (-536 -976 992 ) (-536 -976 272 ) (-472 -976 272 ) (-472 -976 992 ) 
4 127 130 (-536 -976 272 ) (-536 -976 992 ) (-536 -912 992 ) (-536 -912 272 ) 
4 128 137 (-472 -912 -896 ) (-472 -976 -896 ) (-536 -976 -896 ) (-536 -912 -896 ) 
4 128 130 (-536 -912 -896 ) (-536 -976 -896 ) (-536 -976 256 ) (-536 -912 256 ) 
4 128 129 (-536 -976 256 ) (-536 -976 -896 ) (-472 -976 -896 ) (-472 -976 256 ) 
4 129 137 (-472 -976 -896 ) (-472 -1024 -896 ) (-536 -1024 -896 ) (-536 -976 -896 ) 
4 129 130 (-536 -976 -896 ) (-536 -1024 -896 ) (-536 -1024 992 ) (-536 -976 992 ) 
4 130 137 (-992 -1024 -896 ) (-992 0 -896 ) (-536 0 -896 ) (-536 -1024 -896 ) 
4 131 133 (-128 -480 -983.315063 ) (-128 -480 -896 ) (-128 -352 -896 ) (-128 -352 -983.315063 ) 
4 131 132 (-128 0 -992 ) (-128 -352 -992 ) (-128 -352 -896 ) (-128 0 -896 ) 
4 131 134 (-128 -480 -992 ) (-128 -1024 -992 ) (-128 -1024 -896 ) (-128 -480 -896 ) 
4 132 135 (-256 0 -992 ) (-256 -288 -992 ) (-256 -288 -896 ) (-256 0 -896 ) 
4 132 136 (-256 -320 -992 ) (-256 -352 -992 ) (-256 -352 -896 ) (-256 -320 -896 ) 
4 132 133 (-256 -352 -896 ) (-256 -352 -983.315063 ) (-128 -352 -983.315063 ) (-128 -352 -896 ) 
4 133 136 (-256 -480 -983.315063 ) (-256 -480 -896 ) (-256 -352 -896 ) (-256 -352 -983.315063 ) 
4 133 134 (-256 -480 -896 ) (-256 -480 -983.315063 ) (-128 -480 -983.315063 ) (-128 -480 -896 ) 
4 134 136 (-256 -480 -992 ) (-256 -1024 -992 ) (-256 -1024 -896 ) (-256 -480 -896 ) 
4 135 137 (-416 0 -992 ) (-416 -288 -992 ) (-416 -288 -896 ) (-416 0 -896 ) 
4 136 137 (-416 -320 -992 ) (-416 -1024 -992 ) (-416 -1024 -896 ) (-416 -320 -896 ) 
